<?xml version="1.0" encoding="UTF-8"?>
<testsuite name="TestSuite" time="0.307" tests="1" errors="0" skipped="0" failures="1">
  <properties>
[...]
</properties>
  <testcase name="Test_01" classname="TestingPackage.APIGetRequest" time="0.307">
    <failure message="javax/xml/bind/JAXBException" type="java.lang.NoClassDefFoundError"><![CDATA[java.lang.NoClassDefFoundError: javax/xml/bind/JAXBException
	at java.base/jdk.internal.loader.BuiltinClassLoader.loadClass(BuiltinClassLoader.java:641)
	at java.base/jdk.internal.loader.ClassLoaders$AppClassLoader.loadClass(ClassLoaders.java:188)
	at java.base/java.lang.ClassLoader.loadClass(ClassLoader.java:521)
	at com.jayway.restassured.config.ObjectMapperConfig.<init>(ObjectMapperConfig.java:49)
	at com.jayway.restassured.config.RestAssuredConfig.<init>(RestAssuredConfig.java:41)
	at com.jayway.restassured.RestAssured.<clinit>(RestAssured.java:423)
	at TestingPackage.APIGetRequest.Test_01(APIGetRequest.java:12)
]]></failure>
  </testcase>
</testsuite>