<?xml version="1.0" encoding="UTF-8"?>
<testng-results total="1" passed="0" failed="1" skipped="0">
  <reporter-output>
  </reporter-output>
  <suite started-at="2023-07-18T10:10:27Z" name="API Suite" finished-at="2023-07-18T10:10:28Z" duration-ms="316">
    <groups>
    </groups>
    <test started-at="2023-07-18T10:10:27Z" name="Test on Rest API " finished-at="2023-07-18T10:10:28Z" duration-ms="316">
      <class name="TestingPackage.APIGetRequest">
        <test-method signature="Test_01()[pri:0, instance:TestingPackage.APIGetRequest@401e7803]" started-at="2023-07-18T16:10:27Z" name="Test_01" finished-at="2023-07-18T16:10:28Z" duration-ms="300" status="FAIL">
          <exception class="java.lang.NoClassDefFoundError">
            <message>
              <![CDATA[javax/xml/bind/JAXBException]]>
            </message>
            <full-stacktrace>
              <![CDATA[java.lang.NoClassDefFoundError: javax/xml/bind/JAXBException
	at com.jayway.restassured.config.ObjectMapperConfig.<init>(ObjectMapperConfig.java:49)
	at com.jayway.restassured.config.RestAssuredConfig.<init>(RestAssuredConfig.java:41)
	at com.jayway.restassured.RestAssured.<clinit>(RestAssured.java:423)
	at TestingPackage.APIGetRequest.Test_01(APIGetRequest.java:12)
	at java.base/jdk.internal.reflect.DirectMethodHandleAccessor.invoke(DirectMethodHandleAccessor.java:104)
	at java.base/java.lang.reflect.Method.invoke(Method.java:578)
	at org.testng.internal.MethodInvocationHelper.invokeMethod(MethodInvocationHelper.java:86)
	at org.testng.internal.Invoker.invokeMethod(Invoker.java:643)
	at org.testng.internal.Invoker.invokeTestMethod(Invoker.java:820)
	at org.testng.internal.Invoker.invokeTestMethods(Invoker.java:1128)
	at org.testng.internal.TestMethodWorker.invokeTestMethods(TestMethodWorker.java:129)
	at org.testng.internal.TestMethodWorker.run(TestMethodWorker.java:112)
	at org.testng.TestRunner.privateRun(TestRunner.java:782)
	at org.testng.TestRunner.run(TestRunner.java:632)
	at org.testng.SuiteRunner.runTest(SuiteRunner.java:366)
	at org.testng.SuiteRunner.access$000(SuiteRunner.java:39)
	at org.testng.SuiteRunner$SuiteWorker.run(SuiteRunner.java:400)
	at org.testng.internal.thread.ThreadUtil$2.call(ThreadUtil.java:64)
	at java.base/java.util.concurrent.FutureTask.run(FutureTask.java:317)
	at java.base/java.util.concurrent.ThreadPoolExecutor.runWorker(ThreadPoolExecutor.java:1144)
	at java.base/java.util.concurrent.ThreadPoolExecutor$Worker.run(ThreadPoolExecutor.java:642)
	at java.base/java.lang.Thread.run(Thread.java:1589)
Caused by: java.lang.ClassNotFoundException: javax.xml.bind.JAXBException
	at java.base/jdk.internal.loader.BuiltinClassLoader.loadClass(BuiltinClassLoader.java:641)
	at java.base/jdk.internal.loader.ClassLoaders$AppClassLoader.loadClass(ClassLoaders.java:188)
	at java.base/java.lang.ClassLoader.loadClass(ClassLoader.java:521)
	... 22 more
]]>
            </full-stacktrace>
          </exception> <!-- java.lang.NoClassDefFoundError -->
          <reporter-output>
          </reporter-output>
        </test-method> <!-- Test_01 -->
      </class> <!-- TestingPackage.APIGetRequest -->
    </test> <!-- Test on Rest API  -->
  </suite> <!-- API Suite -->
</testng-results>
