<?xml version="1.0" encoding="UTF-8"?>
<!-- Generated by org.testng.reporters.JUnitXMLReporter -->
<testsuite hostname="11676-Shahdat-Hosain" failures="1" tests="1" name="Test on Rest API " time="0.316" errors="0" timestamp="18 Jul 2023 10:10:28 GMT">
  <testcase classname="TestingPackage.APIGetRequest" name="Test_01" time="0.3">
    <failure type="java.lang.NoClassDefFoundError" message="javax/xml/bind/JAXBException">
      <![CDATA[java.lang.NoClassDefFoundError: javax/xml/bind/JAXBException
	at com.jayway.restassured.config.ObjectMapperConfig.<init>(ObjectMapperConfig.java:49)
	at com.jayway.restassured.config.RestAssuredConfig.<init>(RestAssuredConfig.java:41)
	at com.jayway.restassured.RestAssured.<clinit>(RestAssured.java:423)
	at TestingPackage.APIGetRequest.Test_01(APIGetRequest.java:12)
	at java.base/java.util.concurrent.FutureTask.run(FutureTask.java:317)
	at java.base/java.util.concurrent.ThreadPoolExecutor.runWorker(ThreadPoolExecutor.java:1144)
	at java.base/java.util.concurrent.ThreadPoolExecutor$Worker.run(ThreadPoolExecutor.java:642)
	at java.base/java.lang.Thread.run(Thread.java:1589)
Caused by: java.lang.ClassNotFoundException: javax.xml.bind.JAXBException
	at java.base/jdk.internal.loader.BuiltinClassLoader.loadClass(BuiltinClassLoader.java:641)
	at java.base/jdk.internal.loader.ClassLoaders$AppClassLoader.loadClass(ClassLoaders.java:188)
	at java.base/java.lang.ClassLoader.loadClass(ClassLoader.java:521)
	... 22 more
... Removed 14 stack frames]]>
    </failure>
  </testcase> <!-- Test_01 -->
</testsuite> <!-- Test on Rest API  -->
